[2025-08-03 00:07:21] [INFO] [INICIO] INICIANDO BACKUP REMOTO POWERSHELL
[2025-08-03 00:07:21] [INFO] Timestamp: 08/03/2025 00:07:21
[2025-08-03 00:07:21] [INFO] ========== INICIO DE SESIÓN DE BACKUP ==========
[2025-08-03 00:07:21] [INFO] Script iniciado: 08/03/2025 00:07:21
[2025-08-03 00:07:21] [INFO] Parámetros: Force=True
[2025-08-03 00:07:21] [INFO] Inicializando entorno de backup...
[2025-08-03 00:07:21] [INFO] Fecha: 20250803 | Día: Sunday | Tipo: COMPLETO
[2025-08-03 00:07:21] [INFO] Iniciando proceso de backup - Tipo: COMPLETO
[2025-08-03 00:07:21] [INFO] 
=== BACKUP DOCUMENTOS ===
[2025-08-03 00:07:21] [INFO] Comprimiendo: D:\send1\Documentos_20250803.rar
[2025-08-03 00:07:21] [INFO] Verificando ruta: D:\pc_pascual_20250602\user_pascual\Nextcloud\Documentos
[2025-08-03 00:07:21] [INFO] Archivos encontrados en D:\pc_pascual_20250602\user_pascual\Nextcloud\Documentos: 272
[2025-08-03 00:07:21] [INFO] Contenido del archivo de inclusión (C:\Users\Pascual\AppData\Local\Temp\incluir_795332181.txt):
[2025-08-03 00:07:21] [INFO]   Include: D:\pc_pascual_20250602\user_pascual\Nextcloud\Documentos\*
[2025-08-03 00:07:21] [INFO] Contenido del archivo de exclusión (C:\Users\Pascual\AppData\Local\Temp\excluir_445331581.txt):
[2025-08-03 00:07:21] [INFO]   Exclude: *.acc
[2025-08-03 00:07:21] [INFO] Modo completo: todos los archivos
[2025-08-03 00:07:21] [INFO] Ejecutando: C:\Program Files\WinRAR\winrar.exe A -r -inul -x@C:\Users\Pascual\AppData\Local\Temp\excluir_445331581.txt D:\send1\Documentos_20250803.rar @C:\Users\Pascual\AppData\Local\Temp\incluir_795332181.txt
[2025-08-03 00:07:24] [INFO] [OK] Compresión exitosa: D:\send1\Documentos_20250803.rar
[2025-08-03 00:07:24] [SUCCESS] Backup de documentos completado exitosamente: D:\send1\Documentos_20250803.rar
[2025-08-03 00:07:24] [INFO] Backup Usuarios DESHABILITADO
[2025-08-03 00:07:24] [INFO] Backup Usuarios deshabilitado en configuración
[2025-08-03 00:07:24] [INFO] 
=== SINCRONIZACIÓN RCLONE ===
[2025-08-03 00:07:24] [INFO] Subiendo archivos a: InfoCloud:/buffer/
[2025-08-03 00:07:24] [INFO] Directorio local: D:\send1/
[2025-08-03 16:58:09] [INFO] [INICIO] INICIANDO BACKUP REMOTO POWERSHELL
[2025-08-03 16:58:10] [INFO] Timestamp: 08/03/2025 16:58:10
[2025-08-03 16:58:10] [INFO] ========== INICIO DE SESIÓN DE BACKUP ==========
[2025-08-03 16:58:10] [INFO] Script iniciado: 08/03/2025 16:58:10
[2025-08-03 16:58:10] [INFO] Parámetros: Force=False
[2025-08-03 16:58:10] [INFO] [WARN] Se recomienda ejecutar como Administrador para acceso completo
[2025-08-03 16:58:10] [WARNING] Ejecutándose sin permisos de administrador
[2025-08-03 16:58:10] [INFO] Inicializando entorno de backup...
[2025-08-03 16:58:10] [INFO] Fecha: 20250803 | Día: Sunday | Tipo: COMPLETO
[2025-08-03 16:58:10] [INFO] Iniciando proceso de backup - Tipo: COMPLETO
[2025-08-03 16:58:10] [INFO] 
=== BACKUP DOCUMENTOS ===
[2025-08-03 16:58:10] [INFO] Comprimiendo: D:\send1\Documentos_20250803.rar
[2025-08-03 16:58:10] [INFO] Verificando ruta: D:\pc_pascual_20250602\user_pascual\Nextcloud\Documentos
[2025-08-03 16:58:10] [INFO] Archivos encontrados en D:\pc_pascual_20250602\user_pascual\Nextcloud\Documentos: 272
[2025-08-03 16:58:10] [INFO] Contenido del archivo de inclusión (C:\Users\Pascual\AppData\Local\Temp\incluir_1140454445.txt):
[2025-08-03 16:58:10] [INFO]   Include: D:\pc_pascual_20250602\user_pascual\Nextcloud\Documentos\*
[2025-08-03 16:58:10] [INFO] Contenido del archivo de exclusión (C:\Users\Pascual\AppData\Local\Temp\excluir_1037311497.txt):
[2025-08-03 16:58:10] [INFO]   Exclude: *.acc
[2025-08-03 16:58:10] [INFO] Modo completo: todos los archivos
[2025-08-03 16:58:10] [INFO] Ejecutando: C:\Program Files\WinRAR\winrar.exe A -r -inul -x@C:\Users\Pascual\AppData\Local\Temp\excluir_1037311497.txt D:\send1\Documentos_20250803.rar @C:\Users\Pascual\AppData\Local\Temp\incluir_1140454445.txt
[2025-08-03 16:58:14] [INFO] [OK] Compresión exitosa: D:\send1\Documentos_20250803.rar
[2025-08-03 16:58:14] [SUCCESS] Backup de Documentos completado exitosamente: D:\send1\Documentos_20250803.rar
[2025-08-03 16:58:14] [INFO] Backup Usuarios DESHABILITADO
[2025-08-03 16:58:14] [INFO] Backup Usuarios deshabilitado en configuración
[2025-08-03 16:58:14] [INFO] Backup Programas DESHABILITADO
[2025-08-03 16:58:14] [INFO] Backup Programas deshabilitado en configuración
[2025-08-03 16:58:14] [INFO] 
=== SINCRONIZACIÓN RCLONE ===
[2025-08-03 16:58:14] [INFO] Subiendo archivos a: InfoCloud:/buffer/
[2025-08-03 16:58:14] [INFO] Optimizaciones: 8 transferencias, 16 verificadores
[2025-08-03 16:58:14] [INFO] Buffer: 32M, Multi-thread: >250M
[2025-08-03 16:58:14] [INFO] Directorio local: D:\send1/
[2025-08-03 16:58:14] [INFO] Argumentos rclone: copy D:\send1/ InfoCloud:/buffer/ --transfers=8 --checkers=16 --buffer-size=32M --multi-thread-cutoff=250M --multi-thread-streams=4 --timeout=5m --contimeout=60s --low-level-retries=10 --use-server-modtime --fast-list --ignore-checksum --no-traverse --disable=move --retries=3 --progress
[2025-08-03 17:00:26] [INFO] [OK] Subida exitosa
[2025-08-03 17:00:26] [INFO] 
=== LIMPIEZA DEL SERVIDOR ===
[2025-08-03 17:00:26] [INFO] Eliminando archivos mayores a 30 días del servidor
[2025-08-03 17:00:26] [INFO] Argumentos rclone delete: delete InfoCloud:/buffer/ --min-age 30d --checkers=16 --timeout=5m --contimeout=60s --low-level-retries=10 --fast-list
[2025-08-03 17:00:34] [INFO] [OK] Limpieza del servidor completada
[2025-08-03 17:00:34] [SUCCESS] Limpieza de archivos antiguos del servidor exitosa
[2025-08-03 17:00:34] [INFO] 
=== LIMPIEZA ===
[2025-08-03 17:00:34] [INFO] Iniciando limpieza de archivos temporales
[2025-08-03 17:00:35] [INFO] Eliminado: Documentos_20250803.rar
[2025-08-03 17:00:35] [INFO] Archivo eliminado: Documentos_20250803.rar
[2025-08-03 17:00:35] [INFO] [OK] Limpieza completada (logs preservados)
[2025-08-03 17:00:35] [SUCCESS] Limpieza de archivos temporales completada. Logs preservados en: .\BackupLogs
[2025-08-03 17:00:35] [INFO] 
==============================
[2025-08-03 17:00:35] [INFO] RESUMEN DEL BACKUP
[2025-08-03 17:00:35] [INFO] ==============================
[2025-08-03 17:00:35] [INFO] Fecha: 20250803
[2025-08-03 17:00:35] [INFO] Tipo: COMPLETO
[2025-08-03 17:00:35] [INFO] Destino: D:\send1
[2025-08-03 17:00:35] [INFO] 
[2025-08-03 17:00:35] [INFO] Backup Programas: [SKIP] DESHABILITADO
[2025-08-03 17:00:35] [INFO] Sincronización rclone: [OK] EXITOSO
[2025-08-03 17:00:35] [INFO] Backup Documentos: [OK] EXITOSO
[2025-08-03 17:00:35] [INFO] Backup Usuarios: [SKIP] DESHABILITADO
[2025-08-03 17:00:35] [INFO] 
==============================
[2025-08-03 17:00:35] [INFO] 
[OK] BACKUP COMPLETADO EXITOSAMENTE
[2025-08-03 17:00:35] [SUCCESS] Backup completado exitosamente
[2025-08-03 17:00:35] [SUCCESS] ========== FIN DE SESIÓN EXITOSA ==========
[2025-08-03 17:00:35] [INFO] 
=== ENVIANDO NOTIFICACION TELEGRAM ===
[2025-08-03 17:00:35] [INFO] Iniciando envío de notificación de Telegram
[2025-08-03 17:00:35] [INFO] Enviando notificación: ✅ Backup exitoso
[2025-08-03 17:00:35] [INFO] Enviando notificación de backup exitoso
[2025-08-03 17:00:35] [INFO] Ejecutando script de notificación de Telegram
[2025-08-03 17:00:35] [INFO] Argumentos del proceso: -ExecutionPolicy Bypass -File "D:\desarrollos\BackupRemoto\Send-TelegramNotification.ps1" -Message "🎉 BACKUP COMPLETADO EXITOSAMENTE

📋 RESUMEN DEL BACKUP
═════════════════════
📅 Fecha: 20250803
🔄 Tipo: COMPLETO
📂 Destino: D:\send1
🕒 Completado: 17:00:35

📊 RESULTADOS:
─────────────────────
• Backup Programas: ⏭️ DESHABILITADO
• Sincronización rclone: ✅ EXITOSO
• Backup Documentos: ✅ EXITOSO
• Backup Usuarios: ⏭️ DESHABILITADO

📈 ESTADÍSTICAS:
──────────────────
✅ Exitosas: 2
❌ Fallidas: 0
⏭️ Omitidas: 2
"
[2025-08-03 17:00:38] [INFO] [OK] Notificación enviada exitosamente
[2025-08-03 17:00:38] [SUCCESS] Notificación de Telegram enviada exitosamente
